c:\users\141245124\documents\cpp\gameclient\gameclient\x64\debug\gameclient.pch
c:\users\141245124\documents\cpp\gameclient\gameclient\x64\debug\vc145.pdb
c:\users\141245124\documents\cpp\gameclient\gameclient\x64\debug\vc145.idb
c:\users\141245124\documents\cpp\gameclient\gameclient\x64\debug\pch.obj
c:\users\141245124\documents\cpp\gameclient\gameclient\x64\debug\unity_sti52v4nber1awji.obj
c:\users\141245124\documents\cpp\gameclient\game\bin\test.cso
c:\users\141245124\documents\cpp\gameclient\game\bin\gameclient.exe
c:\users\141245124\documents\cpp\gameclient\game\bin\gameclient.pdb
c:\users\141245124\documents\cpp\gameclient\gameclient\x64\debug\gameclient.res
c:\users\141245124\documents\cpp\gameclient\gameclient\x64\debug\gameclient.ilk
c:\users\141245124\documents\cpp\gameclient\gameclient\x64\debug\amesh.obj
c:\users\141245124\documents\cpp\gameclient\gameclient\x64\debug\asset.obj
c:\users\141245124\documents\cpp\gameclient\gameclient\x64\debug\atexture.obj
c:\users\141245124\documents\cpp\gameclient\gameclient\x64\debug\device.obj
c:\users\141245124\documents\cpp\gameclient\gameclient\x64\debug\engine.obj
c:\users\141245124\documents\cpp\gameclient\gameclient\x64\debug\engine_init.obj
c:\users\141245124\documents\cpp\gameclient\gameclient\x64\debug\entity.obj
c:\users\141245124\documents\cpp\gameclient\gameclient\x64\debug\gameclient.obj
c:\users\141245124\documents\cpp\gameclient\gameclient\x64\debug\keymgr.obj
c:\users\141245124\documents\cpp\gameclient\gameclient\x64\debug\main.obj
c:\users\141245124\documents\cpp\gameclient\gameclient\x64\debug\pathmgr.obj
c:\users\141245124\documents\cpp\gameclient\gameclient\x64\debug\shader.obj
c:\users\141245124\documents\cpp\gameclient\gameclient\x64\debug\test.obj
c:\users\141245124\documents\cpp\gameclient\gameclient\x64\debug\timemgr.obj
c:\users\141245124\documents\cpp\gameclient\gameclient\x64\debug\gameclient.tlog\cl.command.1.tlog
c:\users\141245124\documents\cpp\gameclient\gameclient\x64\debug\gameclient.tlog\cl.items.tlog
c:\users\141245124\documents\cpp\gameclient\gameclient\x64\debug\gameclient.tlog\cl.read.1.tlog
c:\users\141245124\documents\cpp\gameclient\gameclient\x64\debug\gameclient.tlog\cl.write.1.tlog
c:\users\141245124\documents\cpp\gameclient\gameclient\x64\debug\gameclient.tlog\fxc.command.1.tlog
c:\users\141245124\documents\cpp\gameclient\gameclient\x64\debug\gameclient.tlog\fxc.read.1.tlog
c:\users\141245124\documents\cpp\gameclient\gameclient\x64\debug\gameclient.tlog\fxc.write.1.tlog
c:\users\141245124\documents\cpp\gameclient\gameclient\x64\debug\gameclient.tlog\link.command.1.tlog
c:\users\141245124\documents\cpp\gameclient\gameclient\x64\debug\gameclient.tlog\link.read.1.tlog
c:\users\141245124\documents\cpp\gameclient\gameclient\x64\debug\gameclient.tlog\link.secondary.1.tlog
c:\users\141245124\documents\cpp\gameclient\gameclient\x64\debug\gameclient.tlog\link.write.1.tlog
c:\users\141245124\documents\cpp\gameclient\gameclient\x64\debug\gameclient.tlog\rc.command.1.tlog
c:\users\141245124\documents\cpp\gameclient\gameclient\x64\debug\gameclient.tlog\rc.read.1.tlog
c:\users\141245124\documents\cpp\gameclient\gameclient\x64\debug\gameclient.tlog\rc.write.1.tlog
