  .\GameClient\billboard.fx
  .\GameClient\dbg.fx
  .\GameClient\Flipbook.fx
  .\GameClient\func.fx
  .\GameClient\sprite.fx
  .\GameClient\std2d.fx
  .\GameClient\struct.fx
  .\GameClient\tile.fx
  .\GameClient\value.fx
  9개 파일이 복사되었습니다.
  unity_RYJXE7PNGV40C41K.cpp
C:\Users\141245124\Documents\cpp\GameClient\GameClient\TaskMgr.cpp(27,48): warning C4244: '인수': 'DWORD_PTR'에서 'int'(으)로 변환하면서 데이터가 손실될 수 있습니다.
  (소스 파일 '/x64/Debug/unity_RYJXE7PNGV40C41K.cpp'을(를) 컴파일하는 중)
  
C:\Program Files\Microsoft Visual Studio\18\Community\VC\Tools\MSVC\14.50.35717\include\xutility(4924,18): warning C4244: '=': 'wchar_t'에서 'char'(으)로 변환하면서 데이터가 손실될 수 있습니다.
  (소스 파일 '/x64/Debug/unity_RYJXE7PNGV40C41K.cpp'을(를) 컴파일하는 중)
      C:\Program Files\Microsoft Visual Studio\18\Community\VC\Tools\MSVC\14.50.35717\include\xutility(4924,18):
      템플릿 인스턴스화 컨텍스트(가장 오래된 인스턴스화 컨텍스트)가
          C:\Users\141245124\Documents\cpp\GameClient\GameClient\Inspector.cpp(28,25):
          컴파일되는 함수 템플릿 인스턴스화 'std::basic_string<char,std::char_traits<char>,std::allocator<char>>::basic_string<std::_String_iterator<std::_String_val<std::_Simple_types<_Elem>>>,0>(_Iter,_Iter,const _Alloc &)'에 대한 참조를 확인하세요.
          with
          [
              _Elem=wchar_t,
              _Iter=std::_String_iterator<std::_String_val<std::_Simple_types<wchar_t>>>,
              _Alloc=std::allocator<char>
          ]
              C:\Users\141245124\Documents\cpp\GameClient\GameClient\Inspector.cpp(28,17):
              'Inspector::Tick_UI'에서 'std::basic_string<char,std::char_traits<char>,std::allocator<char>>::basic_string'에 대한 첫 번째 참조를 확인하세요.
          C:\Program Files\Microsoft Visual Studio\18\Community\VC\Tools\MSVC\14.50.35717\include\xstring(862,17):
          컴파일되는 함수 템플릿 인스턴스화 'void std::basic_string<char,std::char_traits<char>,std::allocator<char>>::_Construct_from_iter<wchar_t*,wchar_t*,_Size_type>(_Iter,const _Sent,_Size)'에 대한 참조를 확인하세요.
          with
          [
              _Size_type=unsigned __int64,
              _Iter=wchar_t *,
              _Sent=wchar_t *,
              _Size=unsigned __int64
          ]
          C:\Program Files\Microsoft Visual Studio\18\Community\VC\Tools\MSVC\14.50.35717\include\xstring(1018,18):
          컴파일되는 함수 템플릿 인스턴스화 '_OutIt *std::_Copy_n_unchecked4<wchar_t*,_Size,char*>(_InIt,_SizeTy,_OutIt)'에 대한 참조를 확인하세요.
          with
          [
              _OutIt=char *,
              _Size=unsigned __int64,
              _InIt=wchar_t *,
              _SizeTy=unsigned __int64
          ]
  
C:\Users\141245124\Documents\cpp\GameClient\GameClient\CFlipbookRender.cpp(41,1): warning C4715: 'CFlipbookRender::CheckFinish': 모든 제어 경로에서 값을 반환하지는 않습니다.
  GameClient.vcxproj -> C:\Users\141245124\Documents\cpp\GameClient\Game\Bin\GameClient.exe
